<?xml version="1.0" encoding="UTF-8"?>
<!-- Generated by org.testng.reporters.JUnitXMLReporter -->
<testsuite ignored="0" hostname="AbiyuD-TPL13Yoga" failures="0" tests="1" name="Test" time="1.097" errors="0" timestamp="2021-08-04T18:47:41 WIB">
  <testcase classname="test.TestFilter" name="@BeforeTest setUp" time="1.064">
    <failure type="org.openqa.selenium.SessionNotCreatedException" message="session not created: This version of ChromeDriver only supports Chrome version 93
Current browser version is 92.0.4515.107 with binary path C:\Program Files\Google\Chrome\Application\chrome.exe
Build info: version: &amp;apos;3.141.59&amp;apos;, revision: &amp;apos;e82be7d358&amp;apos;, time: &amp;apos;2018-11-14T08:17:03&amp;apos;
System info: host: &amp;apos;ABIYUD-TPL13YOG&amp;apos;, ip: &amp;apos;192.168.1.7&amp;apos;, os.name: &amp;apos;Windows 10&amp;apos;, os.arch: &amp;apos;amd64&amp;apos;, os.version: &amp;apos;10.0&amp;apos;, java.version: &amp;apos;16.0.1&amp;apos;
Driver info: driver.version: ChromeDriver
remote stacktrace: Backtrace:
	Ordinal0 [0x00C6A2D3+2663123]
	Ordinal0 [0x00BFA491+2204817]
	Ordinal0 [0x00AE2118+1057048]
	Ordinal0 [0x00B0041A+1180698]
	Ordinal0 [0x00AFC335+1164085]
	Ordinal0 [0x00AF9B7F+1153919]
	Ordinal0 [0x00B29D8F+1351055]
	Ordinal0 [0x00B299FA+1350138]
	Ordinal0 [0x00B2589B+1333403]
	Ordinal0 [0x00B01F74+1187700]
	Ordinal0 [0x00B02DC9+1191369]
	GetHandleVerifier [0x00E030D6+1610054]
	GetHandleVerifier [0x00EAB53B+2299307]
	GetHandleVerifier [0x00CF8DA9+519705]
	GetHandleVerifier [0x00CF7759+513993]
	Ordinal0 [0x00C0112D+2232621]
	Ordinal0 [0x00C055F8+2250232]
	Ordinal0 [0x00C05732+2250546]
	Ordinal0 [0x00C0E591+2286993]
	BaseThreadInitThunk [0x770DFA29+25]
	RtlGetAppContainerNamedObjectPath [0x772C7A7E+286]
	RtlGetAppContainerNamedObjectPath [0x772C7A4E+238]
">
      <![CDATA[org.openqa.selenium.SessionNotCreatedException: session not created: This version of ChromeDriver only supports Chrome version 93
Current browser version is 92.0.4515.107 with binary path C:\Program Files\Google\Chrome\Application\chrome.exe
Build info: version: '3.141.59', revision: 'e82be7d358', time: '2018-11-14T08:17:03'
System info: host: 'ABIYUD-TPL13YOG', ip: '192.168.1.7', os.name: 'Windows 10', os.arch: 'amd64', os.version: '10.0', java.version: '16.0.1'
Driver info: driver.version: ChromeDriver
remote stacktrace: Backtrace:
Ordinal0 [0x00C6A2D3+2663123]
Ordinal0 [0x00BFA491+2204817]
Ordinal0 [0x00AE2118+1057048]
Ordinal0 [0x00B0041A+1180698]
Ordinal0 [0x00AFC335+1164085]
Ordinal0 [0x00AF9B7F+1153919]
Ordinal0 [0x00B29D8F+1351055]
Ordinal0 [0x00B299FA+1350138]
Ordinal0 [0x00B2589B+1333403]
Ordinal0 [0x00B01F74+1187700]
Ordinal0 [0x00B02DC9+1191369]
GetHandleVerifier [0x00E030D6+1610054]
GetHandleVerifier [0x00EAB53B+2299307]
GetHandleVerifier [0x00CF8DA9+519705]
GetHandleVerifier [0x00CF7759+513993]
Ordinal0 [0x00C0112D+2232621]
Ordinal0 [0x00C055F8+2250232]
Ordinal0 [0x00C05732+2250546]
Ordinal0 [0x00C0E591+2286993]
BaseThreadInitThunk [0x770DFA29+25]
RtlGetAppContainerNamedObjectPath [0x772C7A7E+286]
RtlGetAppContainerNamedObjectPath [0x772C7A4E+238]

at org.openqa.selenium.remote.W3CHandshakeResponse.lambda$errorHandler$0(W3CHandshakeResponse.java:62)
at org.openqa.selenium.remote.HandshakeResponse.lambda$getResponseFunction$0(HandshakeResponse.java:30)
at org.openqa.selenium.remote.ProtocolHandshake.lambda$createSession$0(ProtocolHandshake.java:126)
at java.base/java.util.stream.ReferencePipeline$3$1.accept(ReferencePipeline.java:197)
at java.base/java.util.Spliterators$ArraySpliterator.tryAdvance(Spliterators.java:958)
at java.base/java.util.stream.ReferencePipeline.forEachWithCancel(ReferencePipeline.java:129)
at java.base/java.util.stream.AbstractPipeline.copyIntoWithCancel(AbstractPipeline.java:502)
at java.base/java.util.stream.AbstractPipeline.copyInto(AbstractPipeline.java:488)
at java.base/java.util.stream.AbstractPipeline.wrapAndCopyInto(AbstractPipeline.java:474)
at java.base/java.util.stream.FindOps$FindOp.evaluateSequential(FindOps.java:150)
at java.base/java.util.stream.AbstractPipeline.evaluate(AbstractPipeline.java:234)
at java.base/java.util.stream.ReferencePipeline.findFirst(ReferencePipeline.java:647)
at org.openqa.selenium.remote.ProtocolHandshake.createSession(ProtocolHandshake.java:128)
at org.openqa.selenium.remote.ProtocolHandshake.createSession(ProtocolHandshake.java:74)
at org.openqa.selenium.remote.HttpCommandExecutor.execute(HttpCommandExecutor.java:136)
at org.openqa.selenium.remote.service.DriverCommandExecutor.execute(DriverCommandExecutor.java:83)
at org.openqa.selenium.remote.RemoteWebDriver.execute(RemoteWebDriver.java:552)
at org.openqa.selenium.remote.RemoteWebDriver.startSession(RemoteWebDriver.java:213)
at org.openqa.selenium.remote.RemoteWebDriver.<init>(RemoteWebDriver.java:131)
at org.openqa.selenium.chrome.ChromeDriver.<init>(ChromeDriver.java:181)
at org.openqa.selenium.chrome.ChromeDriver.<init>(ChromeDriver.java:168)
at org.openqa.selenium.chrome.ChromeDriver.<init>(ChromeDriver.java:123)
at test.TestFilter.setUp(TestFilter.java:17)
... Removed 29 stack frames]]>
    </failure>
  </testcase> <!-- @BeforeTest setUp -->
  <testcase classname="test.TestFilter" name="@AfterTest tearDown" time="-1.62807766113E9">
    <skipped/>
  </testcase> <!-- @AfterTest tearDown -->
  <testcase classname="test.TestFilter" name="filterGift" time="0.0">
    <skipped/>
  </testcase> <!-- filterGift -->
</testsuite> <!-- Test -->
